2018/03/12 13:15:48 [error] [system.db.CDbCommand] CDbCommand::fetchAll() failed: SQLSTATE[42S02]: Base table or view not found: 1146 Table 'legado.musi' doesn't exist. The SQL statement executed was: SHOW FULL COLUMNS FROM `musi`.
in C:\xampp\htdocs\lega2\index.php (13)
2018/03/12 13:20:05 [error] [exception.CException] CException: Alias "application.extensions.mbmenu.MbMenu" is invalid. Make sure it points to an existing PHP file and the file is readable. in C:\xampp\htdocs\yii\framework\YiiBase.php:323
Stack trace:
#0 C:\xampp\htdocs\yii\framework\web\CWidgetFactory.php(146): YiiBase::import('application.ext...', true)
#1 C:\xampp\htdocs\yii\framework\web\CBaseController.php(146): CWidgetFactory->createWidget(Object(SiteController), 'application.ext...', Array)
#2 C:\xampp\htdocs\yii\framework\web\CBaseController.php(180): CBaseController->createWidget('application.ext...', Array)
#3 C:\xampp\htdocs\lega2\protected\views\layouts\main.php(47): CBaseController->widget('application.ext...', Array)
#4 C:\xampp\htdocs\yii\framework\web\CBaseController.php(126): require('C:\\xampp\\htdocs...')
#5 C:\xampp\htdocs\yii\framework\web\CBaseController.php(95): CBaseController->renderInternal('C:\\xampp\\htdocs...', Array, true)
#6 C:\xampp\htdocs\yii\framework\web\widgets\CContentDecorator.php(76): CBaseController->renderFile('C:\\xampp\\htdocs...', Array, true)
#7 C:\xampp\htdocs\yii\framework\web\widgets\CContentDecorator.php(54): CContentDecorator->decorate('<div id="conten...')
#8 C:\xampp\htdocs\yii\framework\web\widgets\COutputProcessor.php(44): CContentDecorator->processOutput('<div id="conten...')
#9 C:\xampp\htdocs\yii\framework\web\CBaseController.php(214): COutputProcessor->run()
#10 C:\xampp\htdocs\yii\framework\web\CBaseController.php(308): CBaseController->endWidget('CContentDecorat...')
#11 C:\xampp\htdocs\lega2\protected\views\layouts\column1.php(6): CBaseController->endContent()
#12 C:\xampp\htdocs\yii\framework\web\CBaseController.php(126): require('C:\\xampp\\htdocs...')
#13 C:\xampp\htdocs\yii\framework\web\CBaseController.php(95): CBaseController->renderInternal('C:\\xampp\\htdocs...', Array, true)
#14 C:\xampp\htdocs\yii\framework\web\CController.php(784): CBaseController->renderFile('C:\\xampp\\htdocs...', Array, true)
#15 C:\xampp\htdocs\lega2\protected\controllers\SiteController.php(32): CController->render('index')
#16 C:\xampp\htdocs\yii\framework\web\actions\CInlineAction.php(49): SiteController->actionIndex()
#17 C:\xampp\htdocs\yii\framework\web\CController.php(308): CInlineAction->runWithParams(Array)
#18 C:\xampp\htdocs\yii\framework\web\CController.php(286): CController->runAction(Object(CInlineAction))
#19 C:\xampp\htdocs\yii\framework\web\CController.php(265): CController->runActionWithFilters(Object(CInlineAction), Array)
#20 C:\xampp\htdocs\yii\framework\web\CWebApplication.php(282): CController->run('')
#21 C:\xampp\htdocs\yii\framework\web\CWebApplication.php(141): CWebApplication->runController('')
#22 C:\xampp\htdocs\yii\framework\base\CApplication.php(184): CWebApplication->processRequest()
#23 C:\xampp\htdocs\lega2\index.php(13): CApplication->run()
#24 {main}
REQUEST_URI=/lega2/
---
2018/03/12 13:24:20 [error] [exception.CException] CException: Alias "application.extensions.mbmenu.MbMenu" is invalid. Make sure it points to an existing PHP file and the file is readable. in C:\xampp\htdocs\yii\framework\YiiBase.php:323
Stack trace:
#0 C:\xampp\htdocs\yii\framework\web\CWidgetFactory.php(146): YiiBase::import('application.ext...', true)
#1 C:\xampp\htdocs\yii\framework\web\CBaseController.php(146): CWidgetFactory->createWidget(Object(SiteController), 'application.ext...', Array)
#2 C:\xampp\htdocs\yii\framework\web\CBaseController.php(180): CBaseController->createWidget('application.ext...', Array)
#3 C:\xampp\htdocs\lega2\protected\views\layouts\main.php(47): CBaseController->widget('application.ext...', Array)
#4 C:\xampp\htdocs\yii\framework\web\CBaseController.php(126): require('C:\\xampp\\htdocs...')
#5 C:\xampp\htdocs\yii\framework\web\CBaseController.php(95): CBaseController->renderInternal('C:\\xampp\\htdocs...', Array, true)
#6 C:\xampp\htdocs\yii\framework\web\widgets\CContentDecorator.php(76): CBaseController->renderFile('C:\\xampp\\htdocs...', Array, true)
#7 C:\xampp\htdocs\yii\framework\web\widgets\CContentDecorator.php(54): CContentDecorator->decorate('<div id="conten...')
#8 C:\xampp\htdocs\yii\framework\web\widgets\COutputProcessor.php(44): CContentDecorator->processOutput('<div id="conten...')
#9 C:\xampp\htdocs\yii\framework\web\CBaseController.php(214): COutputProcessor->run()
#10 C:\xampp\htdocs\yii\framework\web\CBaseController.php(308): CBaseController->endWidget('CContentDecorat...')
#11 C:\xampp\htdocs\lega2\protected\views\layouts\column1.php(6): CBaseController->endContent()
#12 C:\xampp\htdocs\yii\framework\web\CBaseController.php(126): require('C:\\xampp\\htdocs...')
#13 C:\xampp\htdocs\yii\framework\web\CBaseController.php(95): CBaseController->renderInternal('C:\\xampp\\htdocs...', Array, true)
#14 C:\xampp\htdocs\yii\framework\web\CController.php(784): CBaseController->renderFile('C:\\xampp\\htdocs...', Array, true)
#15 C:\xampp\htdocs\lega2\protected\controllers\SiteController.php(32): CController->render('index')
#16 C:\xampp\htdocs\yii\framework\web\actions\CInlineAction.php(49): SiteController->actionIndex()
#17 C:\xampp\htdocs\yii\framework\web\CController.php(308): CInlineAction->runWithParams(Array)
#18 C:\xampp\htdocs\yii\framework\web\CController.php(286): CController->runAction(Object(CInlineAction))
#19 C:\xampp\htdocs\yii\framework\web\CController.php(265): CController->runActionWithFilters(Object(CInlineAction), Array)
#20 C:\xampp\htdocs\yii\framework\web\CWebApplication.php(282): CController->run('')
#21 C:\xampp\htdocs\yii\framework\web\CWebApplication.php(141): CWebApplication->runController('')
#22 C:\xampp\htdocs\yii\framework\base\CApplication.php(184): CWebApplication->processRequest()
#23 C:\xampp\htdocs\lega2\index.php(13): CApplication->run()
#24 {main}
REQUEST_URI=/lega2/
---
2018/03/12 13:24:21 [error] [exception.CException] CException: Alias "application.extensions.mbmenu.MbMenu" is invalid. Make sure it points to an existing PHP file and the file is readable. in C:\xampp\htdocs\yii\framework\YiiBase.php:323
Stack trace:
#0 C:\xampp\htdocs\yii\framework\web\CWidgetFactory.php(146): YiiBase::import('application.ext...', true)
#1 C:\xampp\htdocs\yii\framework\web\CBaseController.php(146): CWidgetFactory->createWidget(Object(SiteController), 'application.ext...', Array)
#2 C:\xampp\htdocs\yii\framework\web\CBaseController.php(180): CBaseController->createWidget('application.ext...', Array)
#3 C:\xampp\htdocs\lega2\protected\views\layouts\main.php(47): CBaseController->widget('application.ext...', Array)
#4 C:\xampp\htdocs\yii\framework\web\CBaseController.php(126): require('C:\\xampp\\htdocs...')
#5 C:\xampp\htdocs\yii\framework\web\CBaseController.php(95): CBaseController->renderInternal('C:\\xampp\\htdocs...', Array, true)
#6 C:\xampp\htdocs\yii\framework\web\widgets\CContentDecorator.php(76): CBaseController->renderFile('C:\\xampp\\htdocs...', Array, true)
#7 C:\xampp\htdocs\yii\framework\web\widgets\CContentDecorator.php(54): CContentDecorator->decorate('<div id="conten...')
#8 C:\xampp\htdocs\yii\framework\web\widgets\COutputProcessor.php(44): CContentDecorator->processOutput('<div id="conten...')
#9 C:\xampp\htdocs\yii\framework\web\CBaseController.php(214): COutputProcessor->run()
#10 C:\xampp\htdocs\yii\framework\web\CBaseController.php(308): CBaseController->endWidget('CContentDecorat...')
#11 C:\xampp\htdocs\lega2\protected\views\layouts\column1.php(6): CBaseController->endContent()
#12 C:\xampp\htdocs\yii\framework\web\CBaseController.php(126): require('C:\\xampp\\htdocs...')
#13 C:\xampp\htdocs\yii\framework\web\CBaseController.php(95): CBaseController->renderInternal('C:\\xampp\\htdocs...', Array, true)
#14 C:\xampp\htdocs\yii\framework\web\CController.php(784): CBaseController->renderFile('C:\\xampp\\htdocs...', Array, true)
#15 C:\xampp\htdocs\lega2\protected\controllers\SiteController.php(32): CController->render('index')
#16 C:\xampp\htdocs\yii\framework\web\actions\CInlineAction.php(49): SiteController->actionIndex()
#17 C:\xampp\htdocs\yii\framework\web\CController.php(308): CInlineAction->runWithParams(Array)
#18 C:\xampp\htdocs\yii\framework\web\CController.php(286): CController->runAction(Object(CInlineAction))
#19 C:\xampp\htdocs\yii\framework\web\CController.php(265): CController->runActionWithFilters(Object(CInlineAction), Array)
#20 C:\xampp\htdocs\yii\framework\web\CWebApplication.php(282): CController->run('')
#21 C:\xampp\htdocs\yii\framework\web\CWebApplication.php(141): CWebApplication->runController('')
#22 C:\xampp\htdocs\yii\framework\base\CApplication.php(184): CWebApplication->processRequest()
#23 C:\xampp\htdocs\lega2\index.php(13): CApplication->run()
#24 {main}
REQUEST_URI=/lega2/
---
2018/03/12 13:24:29 [error] [exception.CException] CException: Alias "application.extensions.mbmenu.MbMenu" is invalid. Make sure it points to an existing PHP file and the file is readable. in C:\xampp\htdocs\yii\framework\YiiBase.php:323
Stack trace:
#0 C:\xampp\htdocs\yii\framework\web\CWidgetFactory.php(146): YiiBase::import('application.ext...', true)
#1 C:\xampp\htdocs\yii\framework\web\CBaseController.php(146): CWidgetFactory->createWidget(Object(SiteController), 'application.ext...', Array)
#2 C:\xampp\htdocs\yii\framework\web\CBaseController.php(180): CBaseController->createWidget('application.ext...', Array)
#3 C:\xampp\htdocs\lega2\protected\views\layouts\main.php(47): CBaseController->widget('application.ext...', Array)
#4 C:\xampp\htdocs\yii\framework\web\CBaseController.php(126): require('C:\\xampp\\htdocs...')
#5 C:\xampp\htdocs\yii\framework\web\CBaseController.php(95): CBaseController->renderInternal('C:\\xampp\\htdocs...', Array, true)
#6 C:\xampp\htdocs\yii\framework\web\widgets\CContentDecorator.php(76): CBaseController->renderFile('C:\\xampp\\htdocs...', Array, true)
#7 C:\xampp\htdocs\yii\framework\web\widgets\CContentDecorator.php(54): CContentDecorator->decorate('<div id="conten...')
#8 C:\xampp\htdocs\yii\framework\web\widgets\COutputProcessor.php(44): CContentDecorator->processOutput('<div id="conten...')
#9 C:\xampp\htdocs\yii\framework\web\CBaseController.php(214): COutputProcessor->run()
#10 C:\xampp\htdocs\yii\framework\web\CBaseController.php(308): CBaseController->endWidget('CContentDecorat...')
#11 C:\xampp\htdocs\lega2\protected\views\layouts\column1.php(6): CBaseController->endContent()
#12 C:\xampp\htdocs\yii\framework\web\CBaseController.php(126): require('C:\\xampp\\htdocs...')
#13 C:\xampp\htdocs\yii\framework\web\CBaseController.php(95): CBaseController->renderInternal('C:\\xampp\\htdocs...', Array, true)
#14 C:\xampp\htdocs\yii\framework\web\CController.php(784): CBaseController->renderFile('C:\\xampp\\htdocs...', Array, true)
#15 C:\xampp\htdocs\lega2\protected\controllers\SiteController.php(32): CController->render('index')
#16 C:\xampp\htdocs\yii\framework\web\actions\CInlineAction.php(49): SiteController->actionIndex()
#17 C:\xampp\htdocs\yii\framework\web\CController.php(308): CInlineAction->runWithParams(Array)
#18 C:\xampp\htdocs\yii\framework\web\CController.php(286): CController->runAction(Object(CInlineAction))
#19 C:\xampp\htdocs\yii\framework\web\CController.php(265): CController->runActionWithFilters(Object(CInlineAction), Array)
#20 C:\xampp\htdocs\yii\framework\web\CWebApplication.php(282): CController->run('')
#21 C:\xampp\htdocs\yii\framework\web\CWebApplication.php(141): CWebApplication->runController('')
#22 C:\xampp\htdocs\yii\framework\base\CApplication.php(184): CWebApplication->processRequest()
#23 C:\xampp\htdocs\lega2\index.php(13): CApplication->run()
#24 {main}
REQUEST_URI=/lega2/
---
